<?xml version="1.0" encoding="utf-8"?>
<coverage line-rate="0.9433" branch-rate="0.7903" version="1.9" timestamp="1780544366" lines-covered="583" lines-valid="618" branches-covered="181" branches-valid="229">
  <sources>
    <source>/home/mike/honua-io/honua-collect/src/Honua.Collect.Presentation/</source>
  </sources>
  <packages>
    <package name="Honua.Collect.Presentation" line-rate="0.9433" branch-rate="0.7903" complexity="367">
      <classes>
        <class name="Honua.Collect.Presentation.Sync.FieldConflictViewModel" filename="Sync/ConflictReviewViewModel.cs" line-rate="0.8823000000000001" branch-rate="0.5" complexity="18">
          <methods>
            <method name="get_FieldId" signature="()" line-rate="1" branch-rate="1" complexity="1">
              <lines>
                <line number="23" hits="8" branch="False" />
              </lines>
            </method>
            <method name="get_Label" signature="()" line-rate="0" branch-rate="1" complexity="1">
              <lines>
                <line number="26" hits="0" branch="False" />
              </lines>
            </method>
            <method name="get_LocalText" signature="()" line-rate="1" branch-rate="1" complexity="1">
              <lines>
                <line number="29" hits="1" branch="False" />
              </lines>
            </method>
            <method name="get_ServerText" signature="()" line-rate="1" branch-rate="1" complexity="1">
              <lines>
                <line number="32" hits="1" branch="False" />
              </lines>
            </method>
            <method name="get_Resolution" signature="()" line-rate="1" branch-rate="1" complexity="1">
              <lines>
                <line number="37" hits="4" branch="False" />
              </lines>
            </method>
            <method name="set_Resolution" signature="(Honua.Collect.Core.Sync.ConflictResolution)" line-rate="1" branch-rate="1" complexity="2">
              <lines>
                <line number="40" hits="4" branch="True" condition-coverage="100% (2/2)">
                  <conditions>
                    <condition number="18" type="jump" coverage="100%" />
                  </conditions>
                </line>
                <line number="42" hits="3" branch="False" />
                <line number="44" hits="4" branch="False" />
              </lines>
            </method>
            <method name="get_KeepLocal" signature="()" line-rate="1" branch-rate="1" complexity="1">
              <lines>
                <line number="50" hits="2" branch="False" />
              </lines>
            </method>
            <method name="set_KeepLocal" signature="(System.Boolean)" line-rate="0" branch-rate="0" complexity="2">
              <lines>
                <line number="51" hits="0" branch="True" condition-coverage="0% (0/2)">
                  <conditions>
                    <condition number="2" type="jump" coverage="0%" />
                  </conditions>
                </line>
              </lines>
            </method>
            <method name=".ctor" signature="(Honua.Collect.Core.Sync.FieldConflict,Honua.Collect.Core.Sync.ConflictResolution)" line-rate="1" branch-rate="0.5" complexity="8">
              <lines>
                <line number="13" hits="5" branch="False" />
                <line number="15" hits="5" branch="False" />
                <line number="16" hits="5" branch="False" />
                <line number="17" hits="5" branch="True" condition-coverage="50% (2/4)">
                  <conditions>
                    <condition number="38" type="jump" coverage="50%" />
                    <condition number="50" type="jump" coverage="50%" />
                  </conditions>
                </line>
                <line number="18" hits="5" branch="True" condition-coverage="50% (2/4)">
                  <conditions>
                    <condition number="71" type="jump" coverage="50%" />
                    <condition number="83" type="jump" coverage="50%" />
                  </conditions>
                </line>
                <line number="19" hits="5" branch="False" />
                <line number="20" hits="5" branch="False" />
              </lines>
            </method>
          </methods>
          <lines>
            <line number="23" hits="8" branch="False" />
            <line number="26" hits="0" branch="False" />
            <line number="29" hits="1" branch="False" />
            <line number="32" hits="1" branch="False" />
            <line number="37" hits="4" branch="False" />
            <line number="40" hits="4" branch="True" condition-coverage="100% (2/2)">
              <conditions>
                <condition number="18" type="jump" coverage="100%" />
              </conditions>
            </line>
            <line number="42" hits="3" branch="False" />
            <line number="44" hits="4" branch="False" />
            <line number="50" hits="2" branch="False" />
            <line number="51" hits="0" branch="True" condition-coverage="0% (0/2)">
              <conditions>
                <condition number="2" type="jump" coverage="0%" />
              </conditions>
            </line>
            <line number="13" hits="5" branch="False" />
            <line number="15" hits="5" branch="False" />
            <line number="16" hits="5" branch="False" />
            <line number="17" hits="5" branch="True" condition-coverage="50% (2/4)">
              <conditions>
                <condition number="38" type="jump" coverage="50%" />
                <condition number="50" type="jump" coverage="50%" />
              </conditions>
            </line>
            <line number="18" hits="5" branch="True" condition-coverage="50% (2/4)">
              <conditions>
                <condition number="71" type="jump" coverage="50%" />
                <condition number="83" type="jump" coverage="50%" />
              </conditions>
            </line>
            <line number="19" hits="5" branch="False" />
            <line number="20" hits="5" branch="False" />
          </lines>
        </class>
        <class name="Honua.Collect.Presentation.Sync.ConflictReviewViewModel" filename="Sync/ConflictReviewViewModel.cs" line-rate="0.9333" branch-rate="0.75" complexity="9">
          <methods>
            <method name="get_Conflicts" signature="()" line-rate="1" branch-rate="1" complexity="1">
              <lines>
                <line number="76" hits="8" branch="False" />
              </lines>
            </method>
            <method name="get_HasConflicts" signature="()" line-rate="1" branch-rate="1" complexity="1">
              <lines>
                <line number="79" hits="2" branch="False" />
              </lines>
            </method>
            <method name="get_KeepAllLocalCommand" signature="()" line-rate="1" branch-rate="1" complexity="1">
              <lines>
                <line number="82" hits="1" branch="False" />
              </lines>
            </method>
            <method name="get_KeepAllServerCommand" signature="()" line-rate="0" branch-rate="1" complexity="1">
              <lines>
                <line number="85" hits="0" branch="False" />
              </lines>
            </method>
            <method name="Resolve" signature="()" line-rate="1" branch-rate="1" complexity="1">
              <lines>
                <line number="91" hits="10" branch="False" />
                <line number="92" hits="2" branch="False" />
              </lines>
            </method>
            <method name="SetAll" signature="(Honua.Collect.Core.Sync.ConflictResolution)" line-rate="1" branch-rate="1" complexity="2">
              <lines>
                <line number="97" hits="6" branch="True" condition-coverage="100% (2/2)">
                  <conditions>
                    <condition number="32" type="jump" coverage="100%" />
                  </conditions>
                </line>
                <line number="99" hits="2" branch="False" />
                <line number="101" hits="1" branch="False" />
              </lines>
            </method>
            <method name=".ctor" signature="(Honua.Collect.Core.Sync.RecordConflict,Honua.Collect.Core.Sync.ConflictResolution)" line-rate="1" branch-rate="0.5" complexity="2">
              <lines>
                <line number="67" hits="3" branch="False" />
                <line number="69" hits="3" branch="True" condition-coverage="50% (1/2)">
                  <conditions>
                    <condition number="29" type="jump" coverage="50%" />
                  </conditions>
                </line>
                <line number="70" hits="8" branch="False" />
                <line number="71" hits="4" branch="False" />
                <line number="72" hits="3" branch="False" />
                <line number="73" hits="3" branch="False" />
              </lines>
            </method>
          </methods>
          <lines>
            <line number="76" hits="8" branch="False" />
            <line number="79" hits="2" branch="False" />
            <line number="82" hits="1" branch="False" />
            <line number="85" hits="0" branch="False" />
            <line number="91" hits="10" branch="False" />
            <line number="92" hits="2" branch="False" />
            <line number="97" hits="6" branch="True" condition-coverage="100% (2/2)">
              <conditions>
                <condition number="32" type="jump" coverage="100%" />
              </conditions>
            </line>
            <line number="99" hits="2" branch="False" />
            <line number="101" hits="1" branch="False" />
            <line number="67" hits="3" branch="False" />
            <line number="69" hits="3" branch="True" condition-coverage="50% (1/2)">
              <conditions>
                <condition number="29" type="jump" coverage="50%" />
              </conditions>
            </line>
            <line number="70" hits="8" branch="False" />
            <line number="71" hits="4" branch="False" />
            <line number="72" hits="3" branch="False" />
            <line number="73" hits="3" branch="False" />
          </lines>
        </class>
        <class name="Honua.Collect.Presentation.Sync.SyncCenterViewModel" filename="Sync/SyncCenterViewModel.cs" line-rate="0.9795" branch-rate="0.75" complexity="37">
          <methods>
            <method name="get_Summary" signature="()" line-rate="1" branch-rate="1" complexity="1">
              <lines>
                <line number="85" hits="6" branch="False" />
              </lines>
            </method>
            <method name="set_Summary" signature="(Honua.Collect.Core.Records.SyncSummary)" line-rate="1" branch-rate="1" complexity="2">
              <lines>
                <line number="88" hits="7" branch="True" condition-coverage="100% (2/2)">
                  <conditions>
                    <condition number="18" type="jump" coverage="100%" />
                  </conditions>
                </line>
                <line number="90" hits="6" branch="False" />
                <line number="92" hits="7" branch="False" />
              </lines>
            </method>
            <method name="get_Header" signature="()" line-rate="0" branch-rate="1" complexity="1">
              <lines>
                <line number="96" hits="0" branch="False" />
              </lines>
            </method>
            <method name="get_Pending" signature="()" line-rate="1" branch-rate="1" complexity="1">
              <lines>
                <line number="99" hits="16" branch="False" />
              </lines>
            </method>
            <method name="get_IsSyncing" signature="()" line-rate="1" branch-rate="1" complexity="1">
              <lines>
                <line number="104" hits="10" branch="False" />
              </lines>
            </method>
            <method name="set_IsSyncing" signature="(System.Boolean)" line-rate="1" branch-rate="1" complexity="1">
              <lines>
                <line number="105" hits="14" branch="False" />
              </lines>
            </method>
            <method name="get_SyncCommand" signature="()" line-rate="1" branch-rate="1" complexity="1">
              <lines>
                <line number="109" hits="9" branch="False" />
              </lines>
            </method>
            <method name="get_PullCommand" signature="()" line-rate="1" branch-rate="1" complexity="1">
              <lines>
                <line number="112" hits="7" branch="False" />
              </lines>
            </method>
            <method name="get_IsPulling" signature="()" line-rate="1" branch-rate="1" complexity="1">
              <lines>
                <line number="117" hits="3" branch="False" />
              </lines>
            </method>
            <method name="set_IsPulling" signature="(System.Boolean)" line-rate="1" branch-rate="0.75" complexity="4">
              <lines>
                <line number="120" hits="6" branch="True" condition-coverage="100% (2/2)">
                  <conditions>
                    <condition number="18" type="jump" coverage="100%" />
                  </conditions>
                </line>
                <line number="122" hits="6" branch="True" condition-coverage="50% (1/2)">
                  <conditions>
                    <condition number="32" type="jump" coverage="50%" />
                  </conditions>
                </line>
                <line number="124" hits="6" branch="False" />
              </lines>
            </method>
            <method name="get_CanPull" signature="()" line-rate="1" branch-rate="0.5" complexity="4">
              <lines>
                <line number="128" hits="2" branch="True" condition-coverage="50% (2/4)">
                  <conditions>
                    <condition number="6" type="jump" coverage="50%" />
                    <condition number="14" type="jump" coverage="50%" />
                  </conditions>
                </line>
              </lines>
            </method>
            <method name="get_Conflicts" signature="()" line-rate="1" branch-rate="1" complexity="1">
              <lines>
                <line number="134" hits="7" branch="False" />
              </lines>
            </method>
            <method name="get_NewFromServer" signature="()" line-rate="1" branch-rate="1" complexity="1">
              <lines>
                <line number="140" hits="6" branch="False" />
              </lines>
            </method>
            <method name="BuildLocalIndex" signature="()" line-rate="1" branch-rate="1" complexity="6">
              <lines>
                <line number="195" hits="2" branch="False" />
                <line number="196" hits="8" branch="True" condition-coverage="100% (2/2)">
                  <conditions>
                    <condition number="75" type="jump" coverage="100%" />
                  </conditions>
                </line>
                <line number="198" hits="2" branch="True" condition-coverage="100% (4/4)">
                  <conditions>
                    <condition number="36" type="jump" coverage="100%" />
                    <condition number="52" type="jump" coverage="100%" />
                  </conditions>
                </line>
                <line number="199" hits="2" branch="False" />
                <line number="201" hits="2" branch="False" />
                <line number="205" hits="2" branch="False" />
              </lines>
            </method>
            <method name="RebuildState" signature="()" line-rate="1" branch-rate="0.75" complexity="4">
              <lines>
                <line number="255" hits="7" branch="False" />
                <line number="256" hits="7" branch="False" />
                <line number="257" hits="33" branch="True" condition-coverage="100% (2/2)">
                  <conditions>
                    <condition number="103" type="jump" coverage="100%" />
                  </conditions>
                </line>
                <line number="259" hits="4" branch="False" />
                <line number="262" hits="7" branch="True" condition-coverage="50% (1/2)">
                  <conditions>
                    <condition number="129" type="jump" coverage="50%" />
                  </conditions>
                </line>
                <line number="263" hits="7" branch="False" />
              </lines>
            </method>
            <method name="&lt;.ctor&gt;b__9_1" signature="()" line-rate="1" branch-rate="1" complexity="1">
              <lines>
                <line number="78" hits="13" branch="False" />
              </lines>
            </method>
            <method name="&lt;.ctor&gt;b__9_3" signature="()" line-rate="1" branch-rate="1" complexity="1">
              <lines>
                <line number="79" hits="12" branch="False" />
              </lines>
            </method>
            <method name=".ctor" signature="(System.Collections.Generic.IEnumerable`1&lt;Honua.Collect.Core.Records.CollectRecordEntry&gt;,Honua.Collect.Presentation.Sync.RecordUploader)" line-rate="1" branch-rate="1" complexity="1">
              <lines>
                <line number="51" hits="8" branch="False" />
                <line number="53" hits="8" branch="False" />
              </lines>
            </method>
            <method name=".ctor" signature="(System.Collections.Generic.IEnumerable`1&lt;Honua.Collect.Core.Records.CollectRecordEntry&gt;,Honua.Collect.Presentation.Sync.RecordUploader,Honua.Collect.Presentation.Sync.FeaturePuller,Honua.Sdk.Field.Forms.FormDefinition)" line-rate="1" branch-rate="0.5" complexity="2">
              <lines>
                <line number="42" hits="11" branch="False" />
                <line number="63" hits="11" branch="False" />
                <line number="64" hits="11" branch="False" />
                <line number="65" hits="11" branch="False" />
                <line number="66" hits="11" branch="False" />
                <line number="67" hits="11" branch="False" />
                <line number="69" hits="11" branch="False" />
                <line number="70" hits="11" branch="True" condition-coverage="50% (1/2)">
                  <conditions>
                    <condition number="31" type="jump" coverage="50%" />
                  </conditions>
                </line>
                <line number="71" hits="11" branch="False" />
                <line number="72" hits="11" branch="False" />
                <line number="73" hits="11" branch="False" />
                <line number="74" hits="26" branch="False" />
                <line number="75" hits="11" branch="False" />
                <line number="76" hits="11" branch="False" />
                <line number="77" hits="11" branch="False" />
                <line number="80" hits="11" branch="False" />
              </lines>
            </method>
          </methods>
          <lines>
            <line number="85" hits="6" branch="False" />
            <line number="88" hits="7" branch="True" condition-coverage="100% (2/2)">
              <conditions>
                <condition number="18" type="jump" coverage="100%" />
              </conditions>
            </line>
            <line number="90" hits="6" branch="False" />
            <line number="92" hits="7" branch="False" />
            <line number="96" hits="0" branch="False" />
            <line number="99" hits="16" branch="False" />
            <line number="104" hits="10" branch="False" />
            <line number="105" hits="14" branch="False" />
            <line number="109" hits="9" branch="False" />
            <line number="112" hits="7" branch="False" />
            <line number="117" hits="3" branch="False" />
            <line number="120" hits="6" branch="True" condition-coverage="100% (2/2)">
              <conditions>
                <condition number="18" type="jump" coverage="100%" />
              </conditions>
            </line>
            <line number="122" hits="6" branch="True" condition-coverage="50% (1/2)">
              <conditions>
                <condition number="32" type="jump" coverage="50%" />
              </conditions>
            </line>
            <line number="124" hits="6" branch="False" />
            <line number="128" hits="2" branch="True" condition-coverage="50% (2/4)">
              <conditions>
                <condition number="6" type="jump" coverage="50%" />
                <condition number="14" type="jump" coverage="50%" />
              </conditions>
            </line>
            <line number="134" hits="7" branch="False" />
            <line number="140" hits="6" branch="False" />
            <line number="195" hits="2" branch="False" />
            <line number="196" hits="8" branch="True" condition-coverage="100% (2/2)">
              <conditions>
                <condition number="75" type="jump" coverage="100%" />
              </conditions>
            </line>
            <line number="198" hits="2" branch="True" condition-coverage="100% (4/4)">
              <conditions>
                <condition number="36" type="jump" coverage="100%" />
                <condition number="52" type="jump" coverage="100%" />
              </conditions>
            </line>
            <line number="199" hits="2" branch="False" />
            <line number="201" hits="2" branch="False" />
            <line number="205" hits="2" branch="False" />
            <line number="255" hits="7" branch="False" />
            <line number="256" hits="7" branch="False" />
            <line number="257" hits="33" branch="True" condition-coverage="100% (2/2)">
              <conditions>
                <condition number="103" type="jump" coverage="100%" />
              </conditions>
            </line>
            <line number="259" hits="4" branch="False" />
            <line number="262" hits="7" branch="True" condition-coverage="50% (1/2)">
              <conditions>
                <condition number="129" type="jump" coverage="50%" />
              </conditions>
            </line>
            <line number="263" hits="7" branch="False" />
            <line number="78" hits="13" branch="False" />
            <line number="79" hits="12" branch="False" />
            <line number="51" hits="8" branch="False" />
            <line number="53" hits="8" branch="False" />
            <line number="42" hits="11" branch="False" />
            <line number="63" hits="11" branch="False" />
            <line number="64" hits="11" branch="False" />
            <line number="65" hits="11" branch="False" />
            <line number="66" hits="11" branch="False" />
            <line number="67" hits="11" branch="False" />
            <line number="69" hits="11" branch="False" />
            <line number="70" hits="11" branch="True" condition-coverage="50% (1/2)">
              <conditions>
                <condition number="31" type="jump" coverage="50%" />
              </conditions>
            </line>
            <line number="71" hits="11" branch="False" />
            <line number="72" hits="11" branch="False" />
            <line number="73" hits="11" branch="False" />
            <line number="74" hits="26" branch="False" />
            <line number="75" hits="11" branch="False" />
            <line number="76" hits="11" branch="False" />
            <line number="77" hits="11" branch="False" />
            <line number="80" hits="11" branch="False" />
          </lines>
        </class>
        <class name="Honua.Collect.Presentation.Sync.SyncCenterViewModel/&lt;&gt;c" filename="Sync/SyncCenterViewModel.cs" line-rate="1" branch-rate="1" complexity="1">
          <methods>
            <method name="&lt;SyncAsync&gt;b__40_0" signature="(Honua.Collect.Core.Records.CollectRecordEntry)" line-rate="1" branch-rate="1" complexity="1">
              <lines>
                <line number="222" hits="44" branch="False" />
              </lines>
            </method>
          </methods>
          <lines>
            <line number="222" hits="44" branch="False" />
          </lines>
        </class>
        <class name="Honua.Collect.Presentation.Sync.SyncCenterViewModel/&lt;PullAsync&gt;d__38" filename="Sync/SyncCenterViewModel.cs" line-rate="0.9375" branch-rate="0.75" complexity="12">
          <methods>
            <method name="MoveNext" signature="()" line-rate="0.9375" branch-rate="0.75" complexity="12">
              <lines>
                <line number="151" hits="3" branch="True" condition-coverage="50% (3/6)">
                  <conditions>
                    <condition number="23" type="jump" coverage="50%" />
                    <condition number="31" type="jump" coverage="50%" />
                    <condition number="39" type="jump" coverage="50%" />
                  </conditions>
                </line>
                <line number="153" hits="0" branch="False" />
                <line number="156" hits="3" branch="False" />
                <line number="159" hits="3" branch="False" />
                <line number="160" hits="3" branch="True" condition-coverage="100% (2/2)">
                  <conditions>
                    <condition number="181" type="jump" coverage="100%" />
                  </conditions>
                </line>
                <line number="162" hits="1" branch="False" />
                <line number="165" hits="2" branch="False" />
                <line number="167" hits="2" branch="False" />
                <line number="168" hits="6" branch="True" condition-coverage="100% (2/2)">
                  <conditions>
                    <condition number="283" type="jump" coverage="100%" />
                  </conditions>
                </line>
                <line number="170" hits="1" branch="False" />
                <line number="173" hits="2" branch="False" />
                <line number="174" hits="6" branch="True" condition-coverage="100% (2/2)">
                  <conditions>
                    <condition number="359" type="jump" coverage="100%" />
                  </conditions>
                </line>
                <line number="176" hits="1" branch="False" />
                <line number="179" hits="2" branch="False" />
                <line number="183" hits="3" branch="False" />
                <line number="185" hits="3" branch="False" />
              </lines>
            </method>
          </methods>
          <lines>
            <line number="151" hits="3" branch="True" condition-coverage="50% (3/6)">
              <conditions>
                <condition number="23" type="jump" coverage="50%" />
                <condition number="31" type="jump" coverage="50%" />
                <condition number="39" type="jump" coverage="50%" />
              </conditions>
            </line>
            <line number="153" hits="0" branch="False" />
            <line number="156" hits="3" branch="False" />
            <line number="159" hits="3" branch="False" />
            <line number="160" hits="3" branch="True" condition-coverage="100% (2/2)">
              <conditions>
                <condition number="181" type="jump" coverage="100%" />
              </conditions>
            </line>
            <line number="162" hits="1" branch="False" />
            <line number="165" hits="2" branch="False" />
            <line number="167" hits="2" branch="False" />
            <line number="168" hits="6" branch="True" condition-coverage="100% (2/2)">
              <conditions>
                <condition number="283" type="jump" coverage="100%" />
              </conditions>
            </line>
            <line number="170" hits="1" branch="False" />
            <line number="173" hits="2" branch="False" />
            <line number="174" hits="6" branch="True" condition-coverage="100% (2/2)">
              <conditions>
                <condition number="359" type="jump" coverage="100%" />
              </conditions>
            </line>
            <line number="176" hits="1" branch="False" />
            <line number="179" hits="2" branch="False" />
            <line number="183" hits="3" branch="False" />
            <line number="185" hits="3" branch="False" />
          </lines>
        </class>
        <class name="Honua.Collect.Presentation.Sync.SyncCenterViewModel/&lt;SyncAsync&gt;d__40" filename="Sync/SyncCenterViewModel.cs" line-rate="1" branch-rate="1" complexity="6">
          <methods>
            <method name="MoveNext" signature="()" line-rate="1" branch-rate="1" complexity="6">
              <lines>
                <line number="213" hits="8" branch="True" condition-coverage="100% (2/2)">
                  <conditions>
                    <condition number="23" type="jump" coverage="100%" />
                  </conditions>
                </line>
                <line number="215" hits="1" branch="False" />
                <line number="218" hits="7" branch="False" />
                <line number="219" hits="7" branch="False" />
                <line number="224" hits="10" branch="False" />
                <line number="227" hits="10" branch="False" />
                <line number="228" hits="8" branch="True" condition-coverage="100% (2/2)">
                  <conditions>
                    <condition number="283" type="jump" coverage="100%" />
                  </conditions>
                </line>
                <line number="230" hits="6" branch="False" />
                <line number="231" hits="6" branch="False" />
                <line number="235" hits="2" branch="False" />
                <line number="237" hits="8" branch="False" />
                <line number="238" hits="2" branch="False" />
                <line number="240" hits="1" branch="False" />
                <line number="241" hits="1" branch="False" />
                <line number="242" hits="9" branch="False" />
                <line number="243" hits="6" branch="False" />
                <line number="246" hits="7" branch="False" />
                <line number="247" hits="7" branch="False" />
                <line number="250" hits="6" branch="False" />
                <line number="251" hits="7" branch="False" />
              </lines>
            </method>
          </methods>
          <lines>
            <line number="213" hits="8" branch="True" condition-coverage="100% (2/2)">
              <conditions>
                <condition number="23" type="jump" coverage="100%" />
              </conditions>
            </line>
            <line number="215" hits="1" branch="False" />
            <line number="218" hits="7" branch="False" />
            <line number="219" hits="7" branch="False" />
            <line number="224" hits="10" branch="False" />
            <line number="227" hits="10" branch="False" />
            <line number="228" hits="8" branch="True" condition-coverage="100% (2/2)">
              <conditions>
                <condition number="283" type="jump" coverage="100%" />
              </conditions>
            </line>
            <line number="230" hits="6" branch="False" />
            <line number="231" hits="6" branch="False" />
            <line number="235" hits="2" branch="False" />
            <line number="237" hits="8" branch="False" />
            <line number="238" hits="2" branch="False" />
            <line number="240" hits="1" branch="False" />
            <line number="241" hits="1" branch="False" />
            <line number="242" hits="9" branch="False" />
            <line number="243" hits="6" branch="False" />
            <line number="246" hits="7" branch="False" />
            <line number="247" hits="7" branch="False" />
            <line number="250" hits="6" branch="False" />
            <line number="251" hits="7" branch="False" />
          </lines>
        </class>
        <class name="Honua.Collect.Presentation.Records.RecordRowViewModel" filename="Records/RecordBoxViewModel.cs" line-rate="0.8461" branch-rate="0.75" complexity="13">
          <methods>
            <method name="get_Entry" signature="()" line-rate="1" branch-rate="1" complexity="1">
              <lines>
                <line number="11" hits="19" branch="False" />
              </lines>
            </method>
            <method name="get_RecordId" signature="()" line-rate="1" branch-rate="1" complexity="1">
              <lines>
                <line number="14" hits="5" branch="False" />
              </lines>
            </method>
            <method name="get_Box" signature="()" line-rate="0" branch-rate="1" complexity="1">
              <lines>
                <line number="17" hits="0" branch="False" />
              </lines>
            </method>
            <method name="get_SyncState" signature="()" line-rate="0" branch-rate="1" complexity="1">
              <lines>
                <line number="20" hits="0" branch="False" />
              </lines>
            </method>
            <method name="get_StatusText" signature="()" line-rate="1" branch-rate="0.75" complexity="8">
              <lines>
                <line number="23" hits="3" branch="True" condition-coverage="100% (4/4)">
                  <conditions>
                    <condition number="13" type="jump" coverage="100%" />
                    <condition number="17" type="jump" coverage="100%" />
                  </conditions>
                </line>
                <line number="24" hits="3" branch="False" />
                <line number="25" hits="1" branch="False" />
                <line number="26" hits="1" branch="True" condition-coverage="50% (1/2)">
                  <conditions>
                    <condition number="46" type="jump" coverage="50%" />
                  </conditions>
                </line>
                <line number="27" hits="1" branch="True" condition-coverage="50% (1/2)">
                  <conditions>
                    <condition number="74" type="jump" coverage="50%" />
                  </conditions>
                </line>
                <line number="28" hits="1" branch="False" />
                <line number="29" hits="1" branch="False" />
                <line number="30" hits="3" branch="False" />
              </lines>
            </method>
            <method name=".ctor" signature="(Honua.Collect.Core.Records.CollectRecordEntry)" line-rate="1" branch-rate="1" complexity="1">
              <lines>
                <line number="8" hits="8" branch="False" />
              </lines>
            </method>
          </methods>
          <lines>
            <line number="11" hits="19" branch="False" />
            <line number="14" hits="5" branch="False" />
            <line number="17" hits="0" branch="False" />
            <line number="20" hits="0" branch="False" />
            <line number="23" hits="3" branch="True" condition-coverage="100% (4/4)">
              <conditions>
                <condition number="13" type="jump" coverage="100%" />
                <condition number="17" type="jump" coverage="100%" />
              </conditions>
            </line>
            <line number="24" hits="3" branch="False" />
            <line number="25" hits="1" branch="False" />
            <line number="26" hits="1" branch="True" condition-coverage="50% (1/2)">
              <conditions>
                <condition number="46" type="jump" coverage="50%" />
              </conditions>
            </line>
            <line number="27" hits="1" branch="True" condition-coverage="50% (1/2)">
              <conditions>
                <condition number="74" type="jump" coverage="50%" />
              </conditions>
            </line>
            <line number="28" hits="1" branch="False" />
            <line number="29" hits="1" branch="False" />
            <line number="30" hits="3" branch="False" />
            <line number="8" hits="8" branch="False" />
          </lines>
        </class>
        <class name="Honua.Collect.Presentation.Records.RecordBoxViewModel" filename="Records/RecordBoxViewModel.cs" line-rate="1" branch-rate="1" complexity="12">
          <methods>
            <method name="get_Drafts" signature="()" line-rate="1" branch-rate="1" complexity="1">
              <lines>
                <line number="57" hits="2" branch="False" />
              </lines>
            </method>
            <method name="get_Outbox" signature="()" line-rate="1" branch-rate="1" complexity="1">
              <lines>
                <line number="60" hits="2" branch="False" />
              </lines>
            </method>
            <method name="get_Sent" signature="()" line-rate="1" branch-rate="1" complexity="1">
              <lines>
                <line number="63" hits="2" branch="False" />
              </lines>
            </method>
            <method name="get_Summary" signature="()" line-rate="1" branch-rate="1" complexity="1">
              <lines>
                <line number="68" hits="5" branch="False" />
              </lines>
            </method>
            <method name="set_Summary" signature="(Honua.Collect.Core.Records.SyncSummary)" line-rate="1" branch-rate="1" complexity="1">
              <lines>
                <line number="69" hits="1" branch="False" />
              </lines>
            </method>
            <method name="get_Header" signature="()" line-rate="1" branch-rate="1" complexity="1">
              <lines>
                <line number="73" hits="1" branch="False" />
              </lines>
            </method>
            <method name="Refresh" signature="()" line-rate="1" branch-rate="1" complexity="1">
              <lines>
                <line number="78" hits="1" branch="False" />
                <line number="79" hits="1" branch="False" />
                <line number="80" hits="1" branch="False" />
                <line number="81" hits="1" branch="False" />
                <line number="82" hits="1" branch="False" />
                <line number="83" hits="1" branch="False" />
              </lines>
            </method>
            <method name="FillBox" signature="(System.Collections.ObjectModel.ObservableCollection`1&lt;Honua.Collect.Presentation.Records.RecordRowViewModel&gt;,Honua.Collect.Core.Records.RecordBox)" line-rate="1" branch-rate="1" complexity="4">
              <lines>
                <line number="87" hits="3" branch="False" />
                <line number="88" hits="31" branch="True" condition-coverage="100% (4/4)">
                  <conditions>
                    <condition number="32" type="jump" coverage="100%" />
                    <condition number="94" type="jump" coverage="100%" />
                  </conditions>
                </line>
                <line number="90" hits="5" branch="False" />
                <line number="92" hits="3" branch="False" />
              </lines>
            </method>
            <method name=".ctor" signature="(System.Collections.Generic.IEnumerable`1&lt;Honua.Collect.Core.Records.CollectRecordEntry&gt;)" line-rate="1" branch-rate="1" complexity="1">
              <lines>
                <line number="45" hits="1" branch="False" />
                <line number="47" hits="1" branch="False" />
                <line number="48" hits="1" branch="False" />
                <line number="49" hits="1" branch="False" />
                <line number="50" hits="1" branch="False" />
                <line number="51" hits="1" branch="False" />
                <line number="52" hits="1" branch="False" />
                <line number="53" hits="1" branch="False" />
                <line number="54" hits="1" branch="False" />
              </lines>
            </method>
          </methods>
          <lines>
            <line number="57" hits="2" branch="False" />
            <line number="60" hits="2" branch="False" />
            <line number="63" hits="2" branch="False" />
            <line number="68" hits="5" branch="False" />
            <line number="69" hits="1" branch="False" />
            <line number="73" hits="1" branch="False" />
            <line number="78" hits="1" branch="False" />
            <line number="79" hits="1" branch="False" />
            <line number="80" hits="1" branch="False" />
            <line number="81" hits="1" branch="False" />
            <line number="82" hits="1" branch="False" />
            <line number="83" hits="1" branch="False" />
            <line number="87" hits="3" branch="False" />
            <line number="88" hits="31" branch="True" condition-coverage="100% (4/4)">
              <conditions>
                <condition number="32" type="jump" coverage="100%" />
                <condition number="94" type="jump" coverage="100%" />
              </conditions>
            </line>
            <line number="90" hits="5" branch="False" />
            <line number="92" hits="3" branch="False" />
            <line number="45" hits="1" branch="False" />
            <line number="47" hits="1" branch="False" />
            <line number="48" hits="1" branch="False" />
            <line number="49" hits="1" branch="False" />
            <line number="50" hits="1" branch="False" />
            <line number="51" hits="1" branch="False" />
            <line number="52" hits="1" branch="False" />
            <line number="53" hits="1" branch="False" />
            <line number="54" hits="1" branch="False" />
          </lines>
        </class>
        <class name="Honua.Collect.Presentation.Mvvm.ObservableObject" filename="Mvvm/ObservableObject.cs" line-rate="1" branch-rate="1" complexity="4">
          <methods>
            <method name="OnPropertyChanged" signature="(System.String)" line-rate="1" branch-rate="1" complexity="2">
              <lines>
                <line number="19" hits="1751" branch="True" condition-coverage="100% (2/2)">
                  <conditions>
                    <condition number="7" type="jump" coverage="100%" />
                  </conditions>
                </line>
              </lines>
            </method>
            <method name="SetProperty" signature="(T&amp;,T,System.String)" line-rate="1" branch-rate="1" complexity="2">
              <lines>
                <line number="32" hits="166" branch="True" condition-coverage="100% (2/2)">
                  <conditions>
                    <condition number="17" type="jump" coverage="100%" />
                  </conditions>
                </line>
                <line number="34" hits="49" branch="False" />
                <line number="37" hits="117" branch="False" />
                <line number="38" hits="117" branch="False" />
                <line number="39" hits="117" branch="False" />
              </lines>
            </method>
          </methods>
          <lines>
            <line number="19" hits="1751" branch="True" condition-coverage="100% (2/2)">
              <conditions>
                <condition number="7" type="jump" coverage="100%" />
              </conditions>
            </line>
            <line number="32" hits="166" branch="True" condition-coverage="100% (2/2)">
              <conditions>
                <condition number="17" type="jump" coverage="100%" />
              </conditions>
            </line>
            <line number="34" hits="49" branch="False" />
            <line number="37" hits="117" branch="False" />
            <line number="38" hits="117" branch="False" />
            <line number="39" hits="117" branch="False" />
          </lines>
        </class>
        <class name="Honua.Collect.Presentation.Mvvm.RelayCommand" filename="Mvvm/RelayCommand.cs" line-rate="1" branch-rate="0.75" complexity="8">
          <methods>
            <method name="CanExecute" signature="(System.Object)" line-rate="1" branch-rate="1" complexity="2">
              <lines>
                <line number="24" hits="17" branch="True" condition-coverage="100% (2/2)">
                  <conditions>
                    <condition number="7" type="jump" coverage="100%" />
                  </conditions>
                </line>
              </lines>
            </method>
            <method name="Execute" signature="(System.Object)" line-rate="1" branch-rate="1" complexity="2">
              <lines>
                <line number="29" hits="7" branch="True" condition-coverage="100% (2/2)">
                  <conditions>
                    <condition number="7" type="jump" coverage="100%" />
                  </conditions>
                </line>
                <line number="31" hits="7" branch="False" />
                <line number="33" hits="7" branch="False" />
              </lines>
            </method>
            <method name="RaiseCanExecuteChanged" signature="()" line-rate="1" branch-rate="0.5" complexity="2">
              <lines>
                <line number="36" hits="97" branch="True" condition-coverage="50% (1/2)">
                  <conditions>
                    <condition number="7" type="jump" coverage="50%" />
                  </conditions>
                </line>
              </lines>
            </method>
            <method name=".ctor" signature="(System.Action,System.Func`1&lt;System.Boolean&gt;)" line-rate="1" branch-rate="0.5" complexity="2">
              <lines>
                <line number="14" hits="122" branch="False" />
                <line number="16" hits="122" branch="True" condition-coverage="50% (1/2)">
                  <conditions>
                    <condition number="9" type="jump" coverage="50%" />
                  </conditions>
                </line>
                <line number="17" hits="122" branch="False" />
                <line number="18" hits="122" branch="False" />
              </lines>
            </method>
          </methods>
          <lines>
            <line number="24" hits="17" branch="True" condition-coverage="100% (2/2)">
              <conditions>
                <condition number="7" type="jump" coverage="100%" />
              </conditions>
            </line>
            <line number="29" hits="7" branch="True" condition-coverage="100% (2/2)">
              <conditions>
                <condition number="7" type="jump" coverage="100%" />
              </conditions>
            </line>
            <line number="31" hits="7" branch="False" />
            <line number="33" hits="7" branch="False" />
            <line number="36" hits="97" branch="True" condition-coverage="50% (1/2)">
              <conditions>
                <condition number="7" type="jump" coverage="50%" />
              </conditions>
            </line>
            <line number="14" hits="122" branch="False" />
            <line number="16" hits="122" branch="True" condition-coverage="50% (1/2)">
              <conditions>
                <condition number="9" type="jump" coverage="50%" />
              </conditions>
            </line>
            <line number="17" hits="122" branch="False" />
            <line number="18" hits="122" branch="False" />
          </lines>
        </class>
        <class name="Honua.Collect.Presentation.Mvvm.RelayCommand`1" filename="Mvvm/RelayCommand`1.cs" line-rate="0.909" branch-rate="0.5" complexity="10">
          <methods>
            <method name="CanExecute" signature="(System.Object)" line-rate="1" branch-rate="0.5" complexity="2">
              <lines>
                <line number="25" hits="1" branch="True" condition-coverage="50% (1/2)">
                  <conditions>
                    <condition number="7" type="jump" coverage="50%" />
                  </conditions>
                </line>
              </lines>
            </method>
            <method name="Execute" signature="(System.Object)" line-rate="1" branch-rate="1" complexity="2">
              <lines>
                <line number="30" hits="1" branch="False" />
                <line number="31" hits="1" branch="True" condition-coverage="100% (2/2)">
                  <conditions>
                    <condition number="14" type="jump" coverage="100%" />
                  </conditions>
                </line>
                <line number="33" hits="1" branch="False" />
                <line number="35" hits="1" branch="False" />
              </lines>
            </method>
            <method name="RaiseCanExecuteChanged" signature="()" line-rate="0" branch-rate="0" complexity="2">
              <lines>
                <line number="38" hits="0" branch="True" condition-coverage="0% (0/2)">
                  <conditions>
                    <condition number="7" type="jump" coverage="0%" />
                  </conditions>
                </line>
              </lines>
            </method>
            <method name="Cast" signature="(System.Object)" line-rate="1" branch-rate="0.5" complexity="2">
              <lines>
                <line number="40" hits="2" branch="True" condition-coverage="50% (1/2)">
                  <conditions>
                    <condition number="6" type="jump" coverage="50%" />
                  </conditions>
                </line>
              </lines>
            </method>
            <method name=".ctor" signature="(System.Action`1&lt;T&gt;,System.Func`2&lt;T,System.Boolean&gt;)" line-rate="1" branch-rate="0.5" complexity="2">
              <lines>
                <line number="15" hits="7" branch="False" />
                <line number="17" hits="7" branch="True" condition-coverage="50% (1/2)">
                  <conditions>
                    <condition number="9" type="jump" coverage="50%" />
                  </conditions>
                </line>
                <line number="18" hits="7" branch="False" />
                <line number="19" hits="7" branch="False" />
              </lines>
            </method>
          </methods>
          <lines>
            <line number="25" hits="1" branch="True" condition-coverage="50% (1/2)">
              <conditions>
                <condition number="7" type="jump" coverage="50%" />
              </conditions>
            </line>
            <line number="30" hits="1" branch="False" />
            <line number="31" hits="1" branch="True" condition-coverage="100% (2/2)">
              <conditions>
                <condition number="14" type="jump" coverage="100%" />
              </conditions>
            </line>
            <line number="33" hits="1" branch="False" />
            <line number="35" hits="1" branch="False" />
            <line number="38" hits="0" branch="True" condition-coverage="0% (0/2)">
              <conditions>
                <condition number="7" type="jump" coverage="0%" />
              </conditions>
            </line>
            <line number="40" hits="2" branch="True" condition-coverage="50% (1/2)">
              <conditions>
                <condition number="6" type="jump" coverage="50%" />
              </conditions>
            </line>
            <line number="15" hits="7" branch="False" />
            <line number="17" hits="7" branch="True" condition-coverage="50% (1/2)">
              <conditions>
                <condition number="9" type="jump" coverage="50%" />
              </conditions>
            </line>
            <line number="18" hits="7" branch="False" />
            <line number="19" hits="7" branch="False" />
          </lines>
        </class>
        <class name="Honua.Collect.Presentation.Geometry.MapCaptureViewModel" filename="Geometry/MapCaptureViewModel.cs" line-rate="0.95" branch-rate="0.9166" complexity="43">
          <methods>
            <method name="get_GeometryType" signature="()" line-rate="0" branch-rate="1" complexity="1">
              <lines>
                <line number="32" hits="0" branch="False" />
              </lines>
            </method>
            <method name="get_Vertices" signature="()" line-rate="1" branch-rate="1" complexity="1">
              <lines>
                <line number="35" hits="56" branch="False" />
              </lines>
            </method>
            <method name="get_SnapEnabled" signature="()" line-rate="1" branch-rate="1" complexity="1">
              <lines>
                <line number="43" hits="1" branch="False" />
              </lines>
            </method>
            <method name="set_SnapEnabled" signature="(System.Boolean)" line-rate="1" branch-rate="1" complexity="2">
              <lines>
                <line number="46" hits="3" branch="True" condition-coverage="100% (2/2)">
                  <conditions>
                    <condition number="12" type="jump" coverage="100%" />
                  </conditions>
                </line>
                <line number="48" hits="1" branch="False" />
                <line number="51" hits="2" branch="False" />
                <line number="52" hits="2" branch="False" />
                <line number="53" hits="2" branch="False" />
              </lines>
            </method>
            <method name="get_SnapToleranceMeters" signature="()" line-rate="1" branch-rate="1" complexity="1">
              <lines>
                <line number="59" hits="1" branch="False" />
              </lines>
            </method>
            <method name="set_SnapToleranceMeters" signature="(System.Double)" line-rate="1" branch-rate="1" complexity="2">
              <lines>
                <line number="62" hits="3" branch="True" condition-coverage="100% (2/2)">
                  <conditions>
                    <condition number="20" type="jump" coverage="100%" />
                  </conditions>
                </line>
                <line number="64" hits="2" branch="False" />
                <line number="67" hits="1" branch="False" />
                <line number="68" hits="1" branch="False" />
                <line number="69" hits="1" branch="False" />
              </lines>
            </method>
            <method name="get_IsAveraging" signature="()" line-rate="1" branch-rate="1" complexity="1">
              <lines>
                <line number="73" hits="5" branch="False" />
              </lines>
            </method>
            <method name="get_AveragingSampleCount" signature="()" line-rate="1" branch-rate="1" complexity="2">
              <lines>
                <line number="76" hits="2" branch="True" condition-coverage="100% (2/2)">
                  <conditions>
                    <condition number="7" type="jump" coverage="100%" />
                  </conditions>
                </line>
              </lines>
            </method>
            <method name="get_IsComplete" signature="()" line-rate="1" branch-rate="1" complexity="1">
              <lines>
                <line number="79" hits="5" branch="False" />
              </lines>
            </method>
            <method name="get_UndoCommand" signature="()" line-rate="1" branch-rate="1" complexity="1">
              <lines>
                <line number="82" hits="19" branch="False" />
              </lines>
            </method>
            <method name="get_ClearCommand" signature="()" line-rate="1" branch-rate="1" complexity="1">
              <lines>
                <line number="85" hits="19" branch="False" />
              </lines>
            </method>
            <method name="SetSnapTargets" signature="(System.Collections.Generic.IEnumerable`1&lt;Honua.Collect.Core.Field.Geometry.SnapTarget&gt;)" line-rate="1" branch-rate="1" complexity="1">
              <lines>
                <line number="92" hits="2" branch="False" />
              </lines>
            </method>
            <method name="AddVertex" signature="(Honua.Sdk.Field.Records.FieldGeoPoint)" line-rate="1" branch-rate="1" complexity="1">
              <lines>
                <line number="99" hits="9" branch="False" />
                <line number="100" hits="9" branch="False" />
                <line number="101" hits="9" branch="False" />
              </lines>
            </method>
            <method name="AddAveragedVertex" signature="(Honua.Collect.Core.Field.Geometry.GpsAverager)" line-rate="0" branch-rate="1" complexity="1">
              <lines>
                <line number="108" hits="0" branch="False" />
                <line number="109" hits="0" branch="False" />
                <line number="110" hits="0" branch="False" />
              </lines>
            </method>
            <method name="AddAveragedVertex" signature="(System.Collections.Generic.IEnumerable`1&lt;Honua.Sdk.Field.Records.FieldGeoPoint&gt;)" line-rate="1" branch-rate="1" complexity="4">
              <lines>
                <line number="120" hits="2" branch="False" />
                <line number="122" hits="2" branch="False" />
                <line number="123" hits="12" branch="True" condition-coverage="100% (2/2)">
                  <conditions>
                    <condition number="46" type="jump" coverage="100%" />
                  </conditions>
                </line>
                <line number="125" hits="4" branch="False" />
                <line number="128" hits="2" branch="True" condition-coverage="100% (2/2)">
                  <conditions>
                    <condition number="66" type="jump" coverage="100%" />
                  </conditions>
                </line>
                <line number="130" hits="1" branch="False" />
                <line number="133" hits="1" branch="False" />
                <line number="134" hits="1" branch="False" />
                <line number="135" hits="1" branch="False" />
              </lines>
            </method>
            <method name="BeginGpsAveraging" signature="()" line-rate="1" branch-rate="1" complexity="1">
              <lines>
                <line number="144" hits="3" branch="False" />
                <line number="145" hits="3" branch="False" />
                <line number="146" hits="3" branch="False" />
                <line number="147" hits="3" branch="False" />
              </lines>
            </method>
            <method name="AddGpsSample" signature="(Honua.Sdk.Field.Records.FieldGeoPoint)" line-rate="1" branch-rate="1" complexity="2">
              <lines>
                <line number="153" hits="4" branch="False" />
                <line number="154" hits="4" branch="True" condition-coverage="100% (2/2)">
                  <conditions>
                    <condition number="17" type="jump" coverage="100%" />
                  </conditions>
                </line>
                <line number="156" hits="1" branch="False" />
                <line number="159" hits="3" branch="False" />
                <line number="160" hits="3" branch="False" />
                <line number="161" hits="3" branch="False" />
              </lines>
            </method>
            <method name="CommitAveragedVertex" signature="()" line-rate="1" branch-rate="1" complexity="4">
              <lines>
                <line number="169" hits="2" branch="True" condition-coverage="100% (4/4)">
                  <conditions>
                    <condition number="6" type="jump" coverage="100%" />
                    <condition number="19" type="jump" coverage="100%" />
                  </conditions>
                </line>
                <line number="171" hits="1" branch="False" />
                <line number="174" hits="1" branch="False" />
                <line number="175" hits="1" branch="False" />
                <line number="176" hits="1" branch="False" />
                <line number="177" hits="1" branch="False" />
                <line number="178" hits="1" branch="False" />
                <line number="179" hits="1" branch="False" />
              </lines>
            </method>
            <method name="CancelGpsAveraging" signature="()" line-rate="1" branch-rate="1" complexity="2">
              <lines>
                <line number="184" hits="2" branch="True" condition-coverage="100% (2/2)">
                  <conditions>
                    <condition number="6" type="jump" coverage="100%" />
                  </conditions>
                </line>
                <line number="186" hits="1" branch="False" />
                <line number="189" hits="1" branch="False" />
                <line number="190" hits="1" branch="False" />
                <line number="191" hits="1" branch="False" />
                <line number="192" hits="1" branch="False" />
              </lines>
            </method>
            <method name="ApplyTo" signature="(Honua.Sdk.Field.Records.FieldRecord,System.String)" line-rate="1" branch-rate="1" complexity="1">
              <lines>
                <line number="197" hits="2" branch="False" />
              </lines>
            </method>
            <method name="ToGeoJson" signature="()" line-rate="1" branch-rate="1" complexity="1">
              <lines>
                <line number="201" hits="1" branch="False" />
              </lines>
            </method>
            <method name="Undo" signature="()" line-rate="1" branch-rate="1" complexity="1">
              <lines>
                <line number="205" hits="2" branch="False" />
                <line number="206" hits="2" branch="False" />
                <line number="207" hits="2" branch="False" />
              </lines>
            </method>
            <method name="Clear" signature="()" line-rate="1" branch-rate="1" complexity="1">
              <lines>
                <line number="211" hits="2" branch="False" />
                <line number="212" hits="2" branch="False" />
                <line number="213" hits="2" branch="False" />
              </lines>
            </method>
            <method name="SyncVertices" signature="()" line-rate="1" branch-rate="0.6666" complexity="6">
              <lines>
                <line number="217" hits="15" branch="False" />
                <line number="218" hits="66" branch="True" condition-coverage="100% (2/2)">
                  <conditions>
                    <condition number="55" type="jump" coverage="100%" />
                  </conditions>
                </line>
                <line number="220" hits="18" branch="False" />
                <line number="223" hits="15" branch="False" />
                <line number="224" hits="15" branch="True" condition-coverage="50% (1/2)">
                  <conditions>
                    <condition number="92" type="jump" coverage="50%" />
                  </conditions>
                </line>
                <line number="225" hits="15" branch="True" condition-coverage="50% (1/2)">
                  <conditions>
                    <condition number="114" type="jump" coverage="50%" />
                  </conditions>
                </line>
                <line number="226" hits="15" branch="False" />
              </lines>
            </method>
            <method name="&lt;.ctor&gt;b__1_0" signature="()" line-rate="1" branch-rate="1" complexity="1">
              <lines>
                <line number="25" hits="20" branch="False" />
              </lines>
            </method>
            <method name="&lt;.ctor&gt;b__1_1" signature="()" line-rate="1" branch-rate="1" complexity="1">
              <lines>
                <line number="26" hits="20" branch="False" />
              </lines>
            </method>
            <method name=".ctor" signature="(Honua.Collect.Core.Field.Geometry.CapturedGeometryType)" line-rate="1" branch-rate="1" complexity="1">
              <lines>
                <line number="21" hits="16" branch="False" />
                <line number="23" hits="16" branch="False" />
                <line number="24" hits="16" branch="False" />
                <line number="27" hits="16" branch="False" />
              </lines>
            </method>
          </methods>
          <lines>
            <line number="32" hits="0" branch="False" />
            <line number="35" hits="56" branch="False" />
            <line number="43" hits="1" branch="False" />
            <line number="46" hits="3" branch="True" condition-coverage="100% (2/2)">
              <conditions>
                <condition number="12" type="jump" coverage="100%" />
              </conditions>
            </line>
            <line number="48" hits="1" branch="False" />
            <line number="51" hits="2" branch="False" />
            <line number="52" hits="2" branch="False" />
            <line number="53" hits="2" branch="False" />
            <line number="59" hits="1" branch="False" />
            <line number="62" hits="3" branch="True" condition-coverage="100% (2/2)">
              <conditions>
                <condition number="20" type="jump" coverage="100%" />
              </conditions>
            </line>
            <line number="64" hits="2" branch="False" />
            <line number="67" hits="1" branch="False" />
            <line number="68" hits="1" branch="False" />
            <line number="69" hits="1" branch="False" />
            <line number="73" hits="5" branch="False" />
            <line number="76" hits="2" branch="True" condition-coverage="100% (2/2)">
              <conditions>
                <condition number="7" type="jump" coverage="100%" />
              </conditions>
            </line>
            <line number="79" hits="5" branch="False" />
            <line number="82" hits="19" branch="False" />
            <line number="85" hits="19" branch="False" />
            <line number="92" hits="2" branch="False" />
            <line number="99" hits="9" branch="False" />
            <line number="100" hits="9" branch="False" />
            <line number="101" hits="9" branch="False" />
            <line number="108" hits="0" branch="False" />
            <line number="109" hits="0" branch="False" />
            <line number="110" hits="0" branch="False" />
            <line number="120" hits="2" branch="False" />
            <line number="122" hits="2" branch="False" />
            <line number="123" hits="12" branch="True" condition-coverage="100% (2/2)">
              <conditions>
                <condition number="46" type="jump" coverage="100%" />
              </conditions>
            </line>
            <line number="125" hits="4" branch="False" />
            <line number="128" hits="2" branch="True" condition-coverage="100% (2/2)">
              <conditions>
                <condition number="66" type="jump" coverage="100%" />
              </conditions>
            </line>
            <line number="130" hits="1" branch="False" />
            <line number="133" hits="1" branch="False" />
            <line number="134" hits="1" branch="False" />
            <line number="135" hits="1" branch="False" />
            <line number="144" hits="3" branch="False" />
            <line number="145" hits="3" branch="False" />
            <line number="146" hits="3" branch="False" />
            <line number="147" hits="3" branch="False" />
            <line number="153" hits="4" branch="False" />
            <line number="154" hits="4" branch="True" condition-coverage="100% (2/2)">
              <conditions>
                <condition number="17" type="jump" coverage="100%" />
              </conditions>
            </line>
            <line number="156" hits="1" branch="False" />
            <line number="159" hits="3" branch="False" />
            <line number="160" hits="3" branch="False" />
            <line number="161" hits="3" branch="False" />
            <line number="169" hits="2" branch="True" condition-coverage="100% (4/4)">
              <conditions>
                <condition number="6" type="jump" coverage="100%" />
                <condition number="19" type="jump" coverage="100%" />
              </conditions>
            </line>
            <line number="171" hits="1" branch="False" />
            <line number="174" hits="1" branch="False" />
            <line number="175" hits="1" branch="False" />
            <line number="176" hits="1" branch="False" />
            <line number="177" hits="1" branch="False" />
            <line number="178" hits="1" branch="False" />
            <line number="179" hits="1" branch="False" />
            <line number="184" hits="2" branch="True" condition-coverage="100% (2/2)">
              <conditions>
                <condition number="6" type="jump" coverage="100%" />
              </conditions>
            </line>
            <line number="186" hits="1" branch="False" />
            <line number="189" hits="1" branch="False" />
            <line number="190" hits="1" branch="False" />
            <line number="191" hits="1" branch="False" />
            <line number="192" hits="1" branch="False" />
            <line number="197" hits="2" branch="False" />
            <line number="201" hits="1" branch="False" />
            <line number="205" hits="2" branch="False" />
            <line number="206" hits="2" branch="False" />
            <line number="207" hits="2" branch="False" />
            <line number="211" hits="2" branch="False" />
            <line number="212" hits="2" branch="False" />
            <line number="213" hits="2" branch="False" />
            <line number="217" hits="15" branch="False" />
            <line number="218" hits="66" branch="True" condition-coverage="100% (2/2)">
              <conditions>
                <condition number="55" type="jump" coverage="100%" />
              </conditions>
            </line>
            <line number="220" hits="18" branch="False" />
            <line number="223" hits="15" branch="False" />
            <line number="224" hits="15" branch="True" condition-coverage="50% (1/2)">
              <conditions>
                <condition number="92" type="jump" coverage="50%" />
              </conditions>
            </line>
            <line number="225" hits="15" branch="True" condition-coverage="50% (1/2)">
              <conditions>
                <condition number="114" type="jump" coverage="50%" />
              </conditions>
            </line>
            <line number="226" hits="15" branch="False" />
            <line number="25" hits="20" branch="False" />
            <line number="26" hits="20" branch="False" />
            <line number="21" hits="16" branch="False" />
            <line number="23" hits="16" branch="False" />
            <line number="24" hits="16" branch="False" />
            <line number="27" hits="16" branch="False" />
          </lines>
        </class>
        <class name="Honua.Collect.Presentation.Forms.FieldViewModel" filename="Forms/FieldViewModel.cs" line-rate="0.9423" branch-rate="0.8332999999999999" complexity="32">
          <methods>
            <method name="get_State" signature="()" line-rate="1" branch-rate="1" complexity="1">
              <lines>
                <line number="33" hits="193" branch="False" />
              </lines>
            </method>
            <method name="get_FieldId" signature="()" line-rate="1" branch-rate="1" complexity="1">
              <lines>
                <line number="36" hits="366" branch="False" />
              </lines>
            </method>
            <method name="get_Label" signature="()" line-rate="1" branch-rate="1" complexity="1">
              <lines>
                <line number="39" hits="1" branch="False" />
              </lines>
            </method>
            <method name="get_HelpText" signature="()" line-rate="1" branch-rate="1" complexity="1">
              <lines>
                <line number="42" hits="1" branch="False" />
              </lines>
            </method>
            <method name="get_IsRequired" signature="()" line-rate="1" branch-rate="1" complexity="1">
              <lines>
                <line number="45" hits="1" branch="False" />
              </lines>
            </method>
            <method name="get_Widget" signature="()" line-rate="1" branch-rate="1" complexity="1">
              <lines>
                <line number="48" hits="5" branch="False" />
              </lines>
            </method>
            <method name="get_CaptureActionLabel" signature="()" line-rate="0.7" branch-rate="0.625" complexity="8">
              <lines>
                <line number="51" hits="4" branch="True" condition-coverage="62.5% (5/8)">
                  <conditions>
                    <condition number="10" type="switch" coverage="62.5%" />
                  </conditions>
                </line>
                <line number="52" hits="4" branch="False" />
                <line number="53" hits="1" branch="False" />
                <line number="54" hits="0" branch="False" />
                <line number="55" hits="0" branch="False" />
                <line number="56" hits="1" branch="False" />
                <line number="57" hits="0" branch="False" />
                <line number="58" hits="1" branch="False" />
                <line number="59" hits="1" branch="False" />
                <line number="60" hits="4" branch="False" />
              </lines>
            </method>
            <method name="get_Choices" signature="()" line-rate="1" branch-rate="1" complexity="1">
              <lines>
                <line number="63" hits="8" branch="False" />
              </lines>
            </method>
            <method name="get_SelectedChoice" signature="()" line-rate="1" branch-rate="1" complexity="2">
              <lines>
                <line number="75" hits="4" branch="True" condition-coverage="100% (2/2)">
                  <conditions>
                    <condition number="19" type="jump" coverage="100%" />
                  </conditions>
                </line>
                <line number="76" hits="11" branch="False" />
              </lines>
            </method>
            <method name="set_SelectedChoice" signature="(Honua.Sdk.Field.Forms.FieldChoice)" line-rate="1" branch-rate="1" complexity="2">
              <lines>
                <line number="78" hits="4" branch="True" condition-coverage="100% (2/2)">
                  <conditions>
                    <condition number="2" type="jump" coverage="100%" />
                  </conditions>
                </line>
              </lines>
            </method>
            <method name="get_IsVisible" signature="()" line-rate="1" branch-rate="1" complexity="1">
              <lines>
                <line number="82" hits="4" branch="False" />
              </lines>
            </method>
            <method name="get_ErrorText" signature="()" line-rate="1" branch-rate="1" complexity="1">
              <lines>
                <line number="85" hits="2" branch="False" />
              </lines>
            </method>
            <method name="get_HasError" signature="()" line-rate="1" branch-rate="1" complexity="1">
              <lines>
                <line number="88" hits="3" branch="False" />
              </lines>
            </method>
            <method name="get_Value" signature="()" line-rate="1" branch-rate="1" complexity="1">
              <lines>
                <line number="93" hits="6" branch="False" />
              </lines>
            </method>
            <method name="set_Value" signature="(System.Object)" line-rate="1" branch-rate="1" complexity="2">
              <lines>
                <line number="96" hits="18" branch="True" condition-coverage="100% (2/2)">
                  <conditions>
                    <condition number="17" type="jump" coverage="100%" />
                  </conditions>
                </line>
                <line number="98" hits="17" branch="False" />
                <line number="99" hits="17" branch="False" />
                <line number="101" hits="18" branch="False" />
              </lines>
            </method>
            <method name="get_MediaCount" signature="()" line-rate="1" branch-rate="1" complexity="1">
              <lines>
                <line number="105" hits="2" branch="False" />
              </lines>
            </method>
            <method name="CaptureMedia" signature="(System.String,System.String)" line-rate="1" branch-rate="1" complexity="1">
              <lines>
                <line number="115" hits="2" branch="False" />
                <line number="116" hits="1" branch="False" />
                <line number="117" hits="1" branch="False" />
                <line number="118" hits="1" branch="False" />
                <line number="119" hits="1" branch="False" />
                <line number="120" hits="1" branch="False" />
                <line number="121" hits="1" branch="False" />
                <line number="122" hits="1" branch="False" />
                <line number="123" hits="1" branch="False" />
                <line number="124" hits="1" branch="False" />
              </lines>
            </method>
            <method name="Refresh" signature="()" line-rate="1" branch-rate="1" complexity="1">
              <lines>
                <line number="129" hits="249" branch="False" />
                <line number="130" hits="249" branch="False" />
                <line number="131" hits="249" branch="False" />
                <line number="132" hits="249" branch="False" />
                <line number="133" hits="249" branch="False" />
                <line number="134" hits="249" branch="False" />
                <line number="135" hits="249" branch="False" />
              </lines>
            </method>
            <method name=".ctor" signature="(Honua.Collect.Core.Field.Forms.ICaptureHost,System.String,System.Action)" line-rate="1" branch-rate="1" complexity="4">
              <lines>
                <line number="25" hits="145" branch="False" />
                <line number="27" hits="145" branch="True" condition-coverage="100% (2/2)">
                  <conditions>
                    <condition number="9" type="jump" coverage="100%" />
                  </conditions>
                </line>
                <line number="28" hits="144" branch="True" condition-coverage="100% (2/2)">
                  <conditions>
                    <condition number="31" type="jump" coverage="100%" />
                  </conditions>
                </line>
                <line number="29" hits="143" branch="False" />
                <line number="30" hits="143" branch="False" />
                <line number="31" hits="143" branch="False" />
              </lines>
            </method>
          </methods>
          <lines>
            <line number="33" hits="193" branch="False" />
            <line number="36" hits="366" branch="False" />
            <line number="39" hits="1" branch="False" />
            <line number="42" hits="1" branch="False" />
            <line number="45" hits="1" branch="False" />
            <line number="48" hits="5" branch="False" />
            <line number="51" hits="4" branch="True" condition-coverage="62.5% (5/8)">
              <conditions>
                <condition number="10" type="switch" coverage="62.5%" />
              </conditions>
            </line>
            <line number="52" hits="4" branch="False" />
            <line number="53" hits="1" branch="False" />
            <line number="54" hits="0" branch="False" />
            <line number="55" hits="0" branch="False" />
            <line number="56" hits="1" branch="False" />
            <line number="57" hits="0" branch="False" />
            <line number="58" hits="1" branch="False" />
            <line number="59" hits="1" branch="False" />
            <line number="60" hits="4" branch="False" />
            <line number="63" hits="8" branch="False" />
            <line number="75" hits="4" branch="True" condition-coverage="100% (2/2)">
              <conditions>
                <condition number="19" type="jump" coverage="100%" />
              </conditions>
            </line>
            <line number="76" hits="11" branch="False" />
            <line number="78" hits="4" branch="True" condition-coverage="100% (2/2)">
              <conditions>
                <condition number="2" type="jump" coverage="100%" />
              </conditions>
            </line>
            <line number="82" hits="4" branch="False" />
            <line number="85" hits="2" branch="False" />
[...]
            <line number="57" hits="2" branch="False" />
            <line number="58" hits="2" branch="False" />
            <line number="59" hits="2" branch="False" />
            <line number="60" hits="2" branch="False" />
            <line number="61" hits="2" branch="False" />
            <line number="62" hits="3" branch="False" />
          </lines>
        </class>
        <class name="Honua.Collect.Presentation.Assignments.AssignmentRowViewModel" filename="Assignments/InboxViewModel.cs" line-rate="0.9166" branch-rate="0.6666" complexity="10">
          <methods>
            <method name="get_Assignment" signature="()" line-rate="1" branch-rate="1" complexity="1">
              <lines>
                <line number="27" hits="22" branch="False" />
              </lines>
            </method>
            <method name="get_AssignmentId" signature="()" line-rate="1" branch-rate="1" complexity="1">
              <lines>
                <line number="30" hits="9" branch="False" />
              </lines>
            </method>
            <method name="get_Title" signature="()" line-rate="0" branch-rate="1" complexity="1">
              <lines>
                <line number="33" hits="0" branch="False" />
              </lines>
            </method>
            <method name="get_StatusText" signature="()" line-rate="1" branch-rate="0.5" complexity="2">
              <lines>
                <line number="36" hits="1" branch="True" condition-coverage="50% (1/2)">
                  <conditions>
                    <condition number="6" type="jump" coverage="50%" />
                  </conditions>
                </line>
              </lines>
            </method>
            <method name="get_DueText" signature="()" line-rate="1" branch-rate="1" complexity="2">
              <lines>
                <line number="39" hits="2" branch="True" condition-coverage="100% (2/2)">
                  <conditions>
                    <condition number="19" type="jump" coverage="100%" />
                  </conditions>
                </line>
                <line number="40" hits="2" branch="False" />
                <line number="41" hits="2" branch="False" />
              </lines>
            </method>
            <method name="get_IsOverdue" signature="()" line-rate="1" branch-rate="1" complexity="1">
              <lines>
                <line number="44" hits="5" branch="False" />
              </lines>
            </method>
            <method name=".ctor" signature="(Honua.Collect.Core.Assignments.FieldAssignment,System.DateTimeOffset)" line-rate="1" branch-rate="0.5" complexity="2">
              <lines>
                <line number="20" hits="19" branch="False" />
                <line number="22" hits="19" branch="True" condition-coverage="50% (1/2)">
                  <conditions>
                    <condition number="9" type="jump" coverage="50%" />
                  </conditions>
                </line>
                <line number="23" hits="19" branch="False" />
                <line number="24" hits="19" branch="False" />
              </lines>
            </method>
          </methods>
          <lines>
            <line number="27" hits="22" branch="False" />
            <line number="30" hits="9" branch="False" />
            <line number="33" hits="0" branch="False" />
            <line number="36" hits="1" branch="True" condition-coverage="50% (1/2)">
              <conditions>
                <condition number="6" type="jump" coverage="50%" />
              </conditions>
            </line>
            <line number="39" hits="2" branch="True" condition-coverage="100% (2/2)">
              <conditions>
                <condition number="19" type="jump" coverage="100%" />
              </conditions>
            </line>
            <line number="40" hits="2" branch="False" />
            <line number="41" hits="2" branch="False" />
            <line number="44" hits="5" branch="False" />
            <line number="20" hits="19" branch="False" />
            <line number="22" hits="19" branch="True" condition-coverage="50% (1/2)">
              <conditions>
                <condition number="9" type="jump" coverage="50%" />
              </conditions>
            </line>
            <line number="23" hits="19" branch="False" />
            <line number="24" hits="19" branch="False" />
          </lines>
        </class>
        <class name="Honua.Collect.Presentation.Assignments.InboxViewModel" filename="Assignments/InboxViewModel.cs" line-rate="0.8809" branch-rate="0.6666" complexity="24">
          <methods>
            <method name="CreateDemo" signature="(System.String,System.String,System.Nullable`1&lt;System.DateTimeOffset&gt;)" line-rate="1" branch-rate="0.5" complexity="2">
              <lines>
                <line number="82" hits="1" branch="False" />
                <line number="83" hits="1" branch="False" />
                <line number="85" hits="1" branch="True" condition-coverage="50% (1/2)">
                  <conditions>
                    <condition number="31" type="jump" coverage="50%" />
                  </conditions>
                </line>
                <line number="86" hits="1" branch="False" />
                <line number="87" hits="1" branch="False" />
                <line number="88" hits="1" branch="False" />
                <line number="89" hits="1" branch="False" />
                <line number="90" hits="1" branch="False" />
                <line number="91" hits="1" branch="False" />
                <line number="92" hits="1" branch="False" />
                <line number="93" hits="1" branch="False" />
                <line number="94" hits="1" branch="False" />
                <line number="95" hits="1" branch="False" />
                <line number="96" hits="1" branch="False" />
                <line number="97" hits="1" branch="False" />
                <line number="98" hits="1" branch="False" />
                <line number="99" hits="1" branch="False" />
                <line number="100" hits="1" branch="False" />
                <line number="101" hits="1" branch="False" />
                <line number="102" hits="1" branch="False" />
                <line number="103" hits="1" branch="False" />
                <line number="104" hits="1" branch="False" />
                <line number="105" hits="1" branch="False" />
                <line number="106" hits="1" branch="False" />
                <line number="107" hits="1" branch="False" />
                <line number="108" hits="1" branch="False" />
                <line number="109" hits="1" branch="False" />
                <line number="110" hits="1" branch="False" />
                <line number="111" hits="1" branch="False" />
                <line number="112" hits="1" branch="False" />
                <line number="113" hits="1" branch="False" />
                <line number="114" hits="1" branch="False" />
                <line number="115" hits="1" branch="False" />
                <line number="116" hits="1" branch="False" />
                <line number="117" hits="1" branch="False" />
                <line number="118" hits="1" branch="False" />
                <line number="119" hits="1" branch="False" />
                <line number="120" hits="1" branch="False" />
                <line number="122" hits="1" branch="False" />
              </lines>
            </method>
            <method name="get_OpenRows" signature="()" line-rate="1" branch-rate="1" complexity="1">
              <lines>
                <line number="129" hits="37" branch="False" />
              </lines>
            </method>
            <method name="get_CompletedRows" signature="()" line-rate="1" branch-rate="1" complexity="1">
              <lines>
                <line number="132" hits="13" branch="False" />
              </lines>
            </method>
            <method name="get_Open" signature="()" line-rate="1" branch-rate="1" complexity="1">
              <lines>
                <line number="135" hits="2" branch="False" />
              </lines>
            </method>
            <method name="get_Overdue" signature="()" line-rate="1" branch-rate="1" complexity="1">
              <lines>
                <line number="138" hits="3" branch="False" />
              </lines>
            </method>
            <method name="get_Completed" signature="()" line-rate="0" branch-rate="1" complexity="1">
              <lines>
                <line number="141" hits="0" branch="False" />
              </lines>
            </method>
            <method name="get_OpenCount" signature="()" line-rate="1" branch-rate="1" complexity="1">
              <lines>
                <line number="144" hits="4" branch="False" />
              </lines>
            </method>
            <method name="get_Header" signature="()" line-rate="1" branch-rate="1" complexity="1">
              <lines>
                <line number="147" hits="1" branch="False" />
              </lines>
            </method>
            <method name="get_OpenCommand" signature="()" line-rate="1" branch-rate="1" complexity="1">
              <lines>
                <line number="150" hits="1" branch="False" />
              </lines>
            </method>
            <method name="OpenAssignment" signature="(Honua.Collect.Presentation.Assignments.AssignmentRowViewModel)" line-rate="0.75" branch-rate="0.5" complexity="4">
              <lines>
                <line number="160" hits="1" branch="True" condition-coverage="50% (1/2)">
                  <conditions>
                    <condition number="1" type="jump" coverage="50%" />
                  </conditions>
                </line>
                <line number="162" hits="0" branch="False" />
                <line number="165" hits="1" branch="True" condition-coverage="50% (1/2)">
                  <conditions>
                    <condition number="11" type="jump" coverage="50%" />
                  </conditions>
                </line>
                <line number="166" hits="1" branch="False" />
              </lines>
            </method>
            <method name="Accept" signature="(Honua.Collect.Core.Assignments.FieldAssignment)" line-rate="0" branch-rate="1" complexity="1">
              <lines>
                <line number="172" hits="0" branch="False" />
                <line number="173" hits="0" branch="False" />
                <line number="174" hits="0" branch="False" />
                <line number="175" hits="0" branch="False" />
              </lines>
            </method>
            <method name="Decline" signature="(Honua.Collect.Core.Assignments.FieldAssignment)" line-rate="0" branch-rate="1" complexity="1">
              <lines>
                <line number="181" hits="0" branch="False" />
                <line number="182" hits="0" branch="False" />
                <line number="183" hits="0" branch="False" />
                <line number="184" hits="0" branch="False" />
              </lines>
            </method>
            <method name="Start" signature="(Honua.Collect.Core.Assignments.FieldAssignment,System.String)" line-rate="1" branch-rate="1" complexity="1">
              <lines>
                <line number="191" hits="3" branch="False" />
                <line number="192" hits="3" branch="False" />
                <line number="193" hits="3" branch="False" />
                <line number="194" hits="3" branch="False" />
              </lines>
            </method>
            <method name="Refresh" signature="()" line-rate="1" branch-rate="1" complexity="1">
              <lines>
                <line number="201" hits="1" branch="False" />
              </lines>
            </method>
            <method name="RefreshLists" signature="()" line-rate="1" branch-rate="1" complexity="4">
              <lines>
                <line number="205" hits="11" branch="False" />
                <line number="206" hits="54" branch="True" condition-coverage="100% (2/2)">
                  <conditions>
                    <condition number="66" type="jump" coverage="100%" />
                  </conditions>
                </line>
                <line number="208" hits="16" branch="False" />
                <line number="211" hits="11" branch="False" />
                <line number="212" hits="24" branch="True" condition-coverage="100% (2/2)">
                  <conditions>
                    <condition number="146" type="jump" coverage="100%" />
                  </conditions>
                </line>
                <line number="214" hits="1" branch="False" />
                <line number="217" hits="11" branch="False" />
                <line number="218" hits="11" branch="False" />
                <line number="219" hits="11" branch="False" />
                <line number="220" hits="11" branch="False" />
                <line number="221" hits="11" branch="False" />
                <line number="222" hits="11" branch="False" />
              </lines>
            </method>
            <method name=".ctor" signature="(Honua.Collect.Core.Assignments.AssignmentInbox,System.DateTimeOffset)" line-rate="1" branch-rate="0.5" complexity="2">
              <lines>
                <line number="62" hits="7" branch="False" />
                <line number="64" hits="7" branch="True" condition-coverage="50% (1/2)">
                  <conditions>
                    <condition number="9" type="jump" coverage="50%" />
                  </conditions>
                </line>
                <line number="65" hits="7" branch="False" />
                <line number="66" hits="7" branch="False" />
                <line number="67" hits="7" branch="False" />
                <line number="68" hits="8" branch="False" />
                <line number="69" hits="7" branch="False" />
                <line number="70" hits="7" branch="False" />
              </lines>
            </method>
          </methods>
          <lines>
            <line number="82" hits="1" branch="False" />
            <line number="83" hits="1" branch="False" />
            <line number="85" hits="1" branch="True" condition-coverage="50% (1/2)">
              <conditions>
                <condition number="31" type="jump" coverage="50%" />
              </conditions>
            </line>
            <line number="86" hits="1" branch="False" />
            <line number="87" hits="1" branch="False" />
            <line number="88" hits="1" branch="False" />
            <line number="89" hits="1" branch="False" />
            <line number="90" hits="1" branch="False" />
            <line number="91" hits="1" branch="False" />
            <line number="92" hits="1" branch="False" />
            <line number="93" hits="1" branch="False" />
            <line number="94" hits="1" branch="False" />
            <line number="95" hits="1" branch="False" />
            <line number="96" hits="1" branch="False" />
            <line number="97" hits="1" branch="False" />
            <line number="98" hits="1" branch="False" />
            <line number="99" hits="1" branch="False" />
            <line number="100" hits="1" branch="False" />
            <line number="101" hits="1" branch="False" />
            <line number="102" hits="1" branch="False" />
            <line number="103" hits="1" branch="False" />
            <line number="104" hits="1" branch="False" />
            <line number="105" hits="1" branch="False" />
            <line number="106" hits="1" branch="False" />
            <line number="107" hits="1" branch="False" />
            <line number="108" hits="1" branch="False" />
            <line number="109" hits="1" branch="False" />
            <line number="110" hits="1" branch="False" />
            <line number="111" hits="1" branch="False" />
            <line number="112" hits="1" branch="False" />
            <line number="113" hits="1" branch="False" />
            <line number="114" hits="1" branch="False" />
            <line number="115" hits="1" branch="False" />
            <line number="116" hits="1" branch="False" />
            <line number="117" hits="1" branch="False" />
            <line number="118" hits="1" branch="False" />
            <line number="119" hits="1" branch="False" />
            <line number="120" hits="1" branch="False" />
            <line number="122" hits="1" branch="False" />
            <line number="129" hits="37" branch="False" />
            <line number="132" hits="13" branch="False" />
            <line number="135" hits="2" branch="False" />
            <line number="138" hits="3" branch="False" />
            <line number="141" hits="0" branch="False" />
            <line number="144" hits="4" branch="False" />
            <line number="147" hits="1" branch="False" />
            <line number="150" hits="1" branch="False" />
            <line number="160" hits="1" branch="True" condition-coverage="50% (1/2)">
              <conditions>
                <condition number="1" type="jump" coverage="50%" />
              </conditions>
            </line>
            <line number="162" hits="0" branch="False" />
            <line number="165" hits="1" branch="True" condition-coverage="50% (1/2)">
              <conditions>
                <condition number="11" type="jump" coverage="50%" />
              </conditions>
            </line>
            <line number="166" hits="1" branch="False" />
            <line number="172" hits="0" branch="False" />
            <line number="173" hits="0" branch="False" />
            <line number="174" hits="0" branch="False" />
            <line number="175" hits="0" branch="False" />
            <line number="181" hits="0" branch="False" />
            <line number="182" hits="0" branch="False" />
            <line number="183" hits="0" branch="False" />
            <line number="184" hits="0" branch="False" />
            <line number="191" hits="3" branch="False" />
            <line number="192" hits="3" branch="False" />
            <line number="193" hits="3" branch="False" />
            <line number="194" hits="3" branch="False" />
            <line number="201" hits="1" branch="False" />
            <line number="205" hits="11" branch="False" />
            <line number="206" hits="54" branch="True" condition-coverage="100% (2/2)">
              <conditions>
                <condition number="66" type="jump" coverage="100%" />
              </conditions>
            </line>
            <line number="208" hits="16" branch="False" />
            <line number="211" hits="11" branch="False" />
            <line number="212" hits="24" branch="True" condition-coverage="100% (2/2)">
              <conditions>
                <condition number="146" type="jump" coverage="100%" />
              </conditions>
            </line>
            <line number="214" hits="1" branch="False" />
            <line number="217" hits="11" branch="False" />
            <line number="218" hits="11" branch="False" />
            <line number="219" hits="11" branch="False" />
            <line number="220" hits="11" branch="False" />
            <line number="221" hits="11" branch="False" />
            <line number="222" hits="11" branch="False" />
            <line number="62" hits="7" branch="False" />
            <line number="64" hits="7" branch="True" condition-coverage="50% (1/2)">
              <conditions>
                <condition number="9" type="jump" coverage="50%" />
              </conditions>
            </line>
            <line number="65" hits="7" branch="False" />
            <line number="66" hits="7" branch="False" />
            <line number="67" hits="7" branch="False" />
            <line number="68" hits="8" branch="False" />
            <line number="69" hits="7" branch="False" />
            <line number="70" hits="7" branch="False" />
          </lines>
        </class>
      </classes>
    </package>
  </packages>
</coverage>